0 info it worked if it ends with ok
1 verbose cli [ 'C:\\Program Files\\nodejs\\node.exe',
1 verbose cli   'C:\\Program Files\\nodejs\\node_modules\\npm\\bin\\npm-cli.js',
1 verbose cli   'start' ]
2 info using npm@3.10.10
3 info using node@v6.11.2
4 verbose run-script [ 'prestart', 'start', 'poststart' ]
5 info lifecycle budget-boss@1.0.0~prestart: budget-boss@1.0.0
6 silly lifecycle budget-boss@1.0.0~prestart: no script for prestart, continuing
7 info lifecycle budget-boss@1.0.0~start: budget-boss@1.0.0
8 verbose lifecycle budget-boss@1.0.0~start: unsafe-perm in lifecycle true
9 verbose lifecycle budget-boss@1.0.0~start: PATH: C:\Program Files\nodejs\node_modules\npm\bin\node-gyp-bin;C:\Users\blake\homework\Final_Project\Budget-Boss\node_modules\.bin;C:\Program Files\Git\mingw64\bin;C:\Program Files\Git\usr\bin;C:\Users\blake\bin;C:\Program Files (x86)\Intel\iCLS Client;C:\Program Files\Intel\iCLS Client;C:\WINDOWS\system32;C:\WINDOWS;C:\WINDOWS\System32\Wbem;C:\WINDOWS\System32\WindowsPowerShell\v1.0;C:\Program Files (x86)\Intel\Intel(R) Management Engine Components\DAL;C:\Program Files\Intel\Intel(R) Management Engine Components\DAL;C:\Program Files (x86)\Intel\Intel(R) Management Engine Components\IPT;C:\Program Files\Intel\Intel(R) Management Engine Components\IPT;C:\Program Files\Git\cmd;C:\Program Files\nodejs;C:\Program Files\MongoDB\Server\3.6\bin;C:\Program Files\dotnet;C:\Program Files\Microsoft SQL Server\130\Tools\Binn;C:\Users\blake\AppData\Local\Microsoft\WindowsApps;C:\Program Files\Heroku\bin;C:\Users\blake\AppData\Roaming\npm;C:\Users\blake\AppData\Local\GitHubDesktop\bin;C:\Users\blake\AppData\Local\Microsoft\WindowsApps;C:\Program Files\Microsoft VS Code\bin
10 verbose lifecycle budget-boss@1.0.0~start: CWD: C:\Users\blake\homework\Final_Project\Budget-Boss
11 silly lifecycle budget-boss@1.0.0~start: Args: [ '/d /s /c',
11 silly lifecycle   'npm run webpack && nodemon --exec babel-node -- server/server.js' ]
12 silly lifecycle budget-boss@1.0.0~start: Returned: code: 1  signal: null
13 info lifecycle budget-boss@1.0.0~start: Failed to exec start script
14 verbose stack Error: budget-boss@1.0.0 start: `npm run webpack && nodemon --exec babel-node -- server/server.js`
14 verbose stack Exit status 1
14 verbose stack     at EventEmitter.<anonymous> (C:\Program Files\nodejs\node_modules\npm\lib\utils\lifecycle.js:255:16)
14 verbose stack     at emitTwo (events.js:106:13)
14 verbose stack     at EventEmitter.emit (events.js:191:7)
14 verbose stack     at ChildProcess.<anonymous> (C:\Program Files\nodejs\node_modules\npm\lib\utils\spawn.js:40:14)
14 verbose stack     at emitTwo (events.js:106:13)
14 verbose stack     at ChildProcess.emit (events.js:191:7)
14 verbose stack     at maybeClose (internal/child_process.js:891:16)
14 verbose stack     at Process.ChildProcess._handle.onexit (internal/child_process.js:226:5)
15 verbose pkgid budget-boss@1.0.0
16 verbose cwd C:\Users\blake\homework\Final_Project\Budget-Boss\client
17 error Windows_NT 10.0.16299
18 error argv "C:\\Program Files\\nodejs\\node.exe" "C:\\Program Files\\nodejs\\node_modules\\npm\\bin\\npm-cli.js" "start"
19 error node v6.11.2
20 error npm  v3.10.10
21 error code ELIFECYCLE
22 error budget-boss@1.0.0 start: `npm run webpack && nodemon --exec babel-node -- server/server.js`
22 error Exit status 1
23 error Failed at the budget-boss@1.0.0 start script 'npm run webpack && nodemon --exec babel-node -- server/server.js'.
23 error Make sure you have the latest version of node.js and npm installed.
23 error If you do, this is most likely a problem with the budget-boss package,
23 error not with npm itself.
23 error Tell the author that this fails on your system:
23 error     npm run webpack && nodemon --exec babel-node -- server/server.js
23 error You can get information on how to open an issue for this project with:
23 error     npm bugs budget-boss
23 error Or if that isn't available, you can get their info via:
23 error     npm owner ls budget-boss
23 error There is likely additional logging output above.
24 verbose exit [ 1, true ]
