0 info it worked if it ends with ok
1 verbose cli [ '/usr/local/bin/node', '/usr/local/bin/npm', 'install' ]
2 info using npm@3.10.10
3 info using node@v6.11.2
4 silly loadCurrentTree Starting
5 silly install loadCurrentTree
6 silly install readLocalPackageData
7 silly install normalizeTree
8 silly loadCurrentTree Finishing
9 silly loadIdealTree Starting
10 silly install loadIdealTree
11 silly cloneCurrentTree Starting
12 silly install cloneCurrentTreeToIdealTree
13 silly cloneCurrentTree Finishing
14 silly loadShrinkwrap Starting
15 silly install loadShrinkwrap
16 silly loadShrinkwrap Finishing
17 silly loadAllDepsIntoIdealTree Starting
18 silly install loadAllDepsIntoIdealTree
19 silly fetchNamedPackageData bootstrap
20 silly mapToRegistry name bootstrap
21 silly mapToRegistry using default registry
22 silly mapToRegistry registry https://registry.npmjs.org/
23 silly mapToRegistry data Result {
23 silly mapToRegistry   raw: 'bootstrap',
23 silly mapToRegistry   scope: null,
23 silly mapToRegistry   escapedName: 'bootstrap',
23 silly mapToRegistry   name: 'bootstrap',
23 silly mapToRegistry   rawSpec: '',
23 silly mapToRegistry   spec: 'latest',
23 silly mapToRegistry   type: 'tag' }
24 silly mapToRegistry uri https://registry.npmjs.org/bootstrap
25 silly fetchNamedPackageData react-bootstrap
26 silly mapToRegistry name react-bootstrap
27 silly mapToRegistry using default registry
28 silly mapToRegistry registry https://registry.npmjs.org/
29 silly mapToRegistry data Result {
29 silly mapToRegistry   raw: 'react-bootstrap',
29 silly mapToRegistry   scope: null,
29 silly mapToRegistry   escapedName: 'react-bootstrap',
29 silly mapToRegistry   name: 'react-bootstrap',
29 silly mapToRegistry   rawSpec: '',
29 silly mapToRegistry   spec: 'latest',
29 silly mapToRegistry   type: 'tag' }
30 silly mapToRegistry uri https://registry.npmjs.org/react-bootstrap
31 verbose request uri https://registry.npmjs.org/bootstrap
32 verbose request no auth needed
33 info attempt registry request try #1 at 7:32:02 PM
34 verbose request id f8ea92b17860b29b
35 http request GET https://registry.npmjs.org/bootstrap
36 verbose request uri https://registry.npmjs.org/react-bootstrap
37 verbose request no auth needed
38 info attempt registry request try #1 at 7:32:03 PM
39 verbose etag "5a69498a-5bc4f"
40 verbose lastModified Thu, 25 Jan 2018 3:05:46 GMT
41 http request GET https://registry.npmjs.org/react-bootstrap
42 http 304 https://registry.npmjs.org/react-bootstrap
43 verbose headers { date: 'Fri, 16 Mar 2018 23:32:03 GMT',
43 verbose headers   via: '1.1 varnish',
43 verbose headers   'cache-control': 'max-age=300',
43 verbose headers   etag: '"5a69498a-5bc4f"',
43 verbose headers   age: '14192',
43 verbose headers   connection: 'keep-alive',
43 verbose headers   'x-served-by': 'cache-dca17728-DCA',
43 verbose headers   'x-cache': 'HIT',
43 verbose headers   'x-cache-hits': '15',
43 verbose headers   'x-timer': 'S1521243123.173301,VS0,VE0',
43 verbose headers   vary: 'Accept-Encoding, Accept' }
44 silly get cb [ 304,
44 silly get   { date: 'Fri, 16 Mar 2018 23:32:03 GMT',
44 silly get     via: '1.1 varnish',
44 silly get     'cache-control': 'max-age=300',
44 silly get     etag: '"5a69498a-5bc4f"',
44 silly get     age: '14192',
44 silly get     connection: 'keep-alive',
44 silly get     'x-served-by': 'cache-dca17728-DCA',
44 silly get     'x-cache': 'HIT',
44 silly get     'x-cache-hits': '15',
44 silly get     'x-timer': 'S1521243123.173301,VS0,VE0',
44 silly get     vary: 'Accept-Encoding, Accept' } ]
45 verbose etag https://registry.npmjs.org/react-bootstrap from cache
46 verbose get saving react-bootstrap to /Users/harka/.npm/registry.npmjs.org/react-bootstrap/.cache.json
47 verbose correctMkdir /Users/harka/.npm correctMkdir not in flight; initializing
48 silly fetchNamedPackageData No valid target from cache, forcing network
49 verbose request uri https://registry.npmjs.org/react-bootstrap
50 verbose request no auth needed
51 info attempt registry request try #1 at 7:32:03 PM
52 http request GET https://registry.npmjs.org/react-bootstrap
53 http 200 https://registry.npmjs.org/bootstrap
54 verbose headers { 'content-type': 'application/json; charset=UTF-8',
54 verbose headers   server: 'UploadServer',
54 verbose headers   'cache-control': 'max-age=300',
54 verbose headers   'last-modified': 'Tue, 13 Mar 2018 15:03:23 GMT',
54 verbose headers   etag: '"5aa7e83b-151f0"',
54 verbose headers   'x-npm-region': 'US-East',
54 verbose headers   'content-encoding': 'gzip',
54 verbose headers   'content-length': '14691',
54 verbose headers   'accept-ranges': 'bytes',
54 verbose headers   date: 'Fri, 16 Mar 2018 23:32:03 GMT',
54 verbose headers   via: '1.1 varnish',
54 verbose headers   age: '1244',
54 verbose headers   connection: 'keep-alive',
54 verbose headers   'x-served-by': 'cache-dca17743-DCA',
54 verbose headers   'x-cache': 'HIT',
54 verbose headers   'x-cache-hits': '1',
54 verbose headers   'x-timer': 'S1521243123.165514,VS0,VE1',
54 verbose headers   vary: 'Accept-Encoding, Accept' }
55 silly get cb [ 200,
55 silly get   { 'content-type': 'application/json; charset=UTF-8',
55 silly get     server: 'UploadServer',
55 silly get     'cache-control': 'max-age=300',
55 silly get     'last-modified': 'Tue, 13 Mar 2018 15:03:23 GMT',
55 silly get     etag: '"5aa7e83b-151f0"',
55 silly get     'x-npm-region': 'US-East',
55 silly get     'content-encoding': 'gzip',
55 silly get     'content-length': '14691',
55 silly get     'accept-ranges': 'bytes',
55 silly get     date: 'Fri, 16 Mar 2018 23:32:03 GMT',
55 silly get     via: '1.1 varnish',
55 silly get     age: '1244',
55 silly get     connection: 'keep-alive',
55 silly get     'x-served-by': 'cache-dca17743-DCA',
55 silly get     'x-cache': 'HIT',
55 silly get     'x-cache-hits': '1',
55 silly get     'x-timer': 'S1521243123.165514,VS0,VE1',
55 silly get     vary: 'Accept-Encoding, Accept' } ]
56 verbose get saving bootstrap to /Users/harka/.npm/registry.npmjs.org/bootstrap/.cache.json
57 verbose correctMkdir /Users/harka/.npm correctMkdir not in flight; initializing
58 silly resolveWithNewModule bootstrap@3.3.7 checking installable status
59 silly cache add args [ 'bootstrap@^3.3.7', null ]
60 verbose cache add spec bootstrap@^3.3.7
61 silly cache add parsed spec Result {
61 silly cache add   raw: 'bootstrap@^3.3.7',
61 silly cache add   scope: null,
61 silly cache add   escapedName: 'bootstrap',
61 silly cache add   name: 'bootstrap',
61 silly cache add   rawSpec: '^3.3.7',
61 silly cache add   spec: '>=3.3.7 <4.0.0',
61 silly cache add   type: 'range' }
62 silly addNamed bootstrap@>=3.3.7 <4.0.0
63 verbose addNamed ">=3.3.7 <4.0.0" is a valid semver range for bootstrap
64 silly addNameRange { name: 'bootstrap', range: '>=3.3.7 <4.0.0', hasData: false }
65 silly mapToRegistry name bootstrap
66 silly mapToRegistry using default registry
67 silly mapToRegistry registry https://registry.npmjs.org/
68 silly mapToRegistry data Result {
68 silly mapToRegistry   raw: 'bootstrap',
68 silly mapToRegistry   scope: null,
68 silly mapToRegistry   escapedName: 'bootstrap',
68 silly mapToRegistry   name: 'bootstrap',
68 silly mapToRegistry   rawSpec: '',
68 silly mapToRegistry   spec: 'latest',
68 silly mapToRegistry   type: 'tag' }
69 silly mapToRegistry uri https://registry.npmjs.org/bootstrap
70 verbose addNameRange registry:https://registry.npmjs.org/bootstrap not in flight; fetching
71 verbose get https://registry.npmjs.org/bootstrap not expired, no request
72 silly addNameRange number 2 { name: 'bootstrap', range: '>=3.3.7 <4.0.0', hasData: true }
73 silly addNameRange versions [ 'bootstrap',
73 silly addNameRange   [ '0.0.1',
73 silly addNameRange     '0.0.2',
73 silly addNameRange     '3.1.1',
73 silly addNameRange     '3.2.0',
73 silly addNameRange     '3.3.0',
73 silly addNameRange     '3.3.1',
73 silly addNameRange     '3.3.2',
73 silly addNameRange     '3.3.4',
73 silly addNameRange     '3.3.5',
73 silly addNameRange     '3.3.6',
73 silly addNameRange     '4.0.0-alpha.2',
73 silly addNameRange     '3.3.7',
73 silly addNameRange     '4.0.0-alpha.3',
73 silly addNameRange     '4.0.0-alpha.4',
73 silly addNameRange     '4.0.0-alpha.5',
73 silly addNameRange     '4.0.0-alpha.6',
73 silly addNameRange     '4.0.0-beta',
73 silly addNameRange     '4.0.0-beta.2',
73 silly addNameRange     '4.0.0-beta.3',
73 silly addNameRange     '4.0.0' ] ]
74 silly addNamed bootstrap@3.3.7
75 verbose addNamed "3.3.7" is a plain semver version for bootstrap
76 silly mapToRegistry name bootstrap
77 silly mapToRegistry using default registry
78 silly mapToRegistry registry https://registry.npmjs.org/
79 silly mapToRegistry data Result {
79 silly mapToRegistry   raw: 'bootstrap',
79 silly mapToRegistry   scope: null,
79 silly mapToRegistry   escapedName: 'bootstrap',
79 silly mapToRegistry   name: 'bootstrap',
79 silly mapToRegistry   rawSpec: '',
79 silly mapToRegistry   spec: 'latest',
79 silly mapToRegistry   type: 'tag' }
80 silly mapToRegistry uri https://registry.npmjs.org/bootstrap
81 verbose addRemoteTarball https://registry.npmjs.org/bootstrap/-/bootstrap-3.3.7.tgz not in flight; adding
82 verbose addRemoteTarball [ 'https://registry.npmjs.org/bootstrap/-/bootstrap-3.3.7.tgz',
82 verbose addRemoteTarball   '5a389394549f23330875a3b150656574f8a9eb71' ]
83 info retry fetch attempt 1 at 7:32:03 PM
84 info attempt registry request try #1 at 7:32:03 PM
85 http fetch GET https://registry.npmjs.org/bootstrap/-/bootstrap-3.3.7.tgz
86 http fetch 200 https://registry.npmjs.org/bootstrap/-/bootstrap-3.3.7.tgz
87 http 200 https://registry.npmjs.org/react-bootstrap
88 verbose headers { 'content-type': 'application/json; charset=UTF-8',
88 verbose headers   server: 'UploadServer',
88 verbose headers   'cache-control': 'max-age=300',
88 verbose headers   'last-modified': 'Thu, 25 Jan 2018 3:05:46 GMT',
88 verbose headers   etag: '"5a69498a-5bc4f"',
88 verbose headers   'x-npm-region': 'US-East',
88 verbose headers   'content-encoding': 'gzip',
88 verbose headers   'content-length': '21629',
88 verbose headers   'accept-ranges': 'bytes',
88 verbose headers   date: 'Fri, 16 Mar 2018 23:32:03 GMT',
88 verbose headers   via: '1.1 varnish',
88 verbose headers   age: '14192',
88 verbose headers   connection: 'keep-alive',
88 verbose headers   'x-served-by': 'cache-dca17728-DCA',
88 verbose headers   'x-cache': 'HIT',
88 verbose headers   'x-cache-hits': '16',
88 verbose headers   'x-timer': 'S1521243123.234090,VS0,VE0',
88 verbose headers   vary: 'Accept-Encoding, Accept' }
89 silly get cb [ 200,
89 silly get   { 'content-type': 'application/json; charset=UTF-8',
89 silly get     server: 'UploadServer',
89 silly get     'cache-control': 'max-age=300',
89 silly get     'last-modified': 'Thu, 25 Jan 2018 3:05:46 GMT',
89 silly get     etag: '"5a69498a-5bc4f"',
89 silly get     'x-npm-region': 'US-East',
89 silly get     'content-encoding': 'gzip',
89 silly get     'content-length': '21629',
89 silly get     'accept-ranges': 'bytes',
89 silly get     date: 'Fri, 16 Mar 2018 23:32:03 GMT',
89 silly get     via: '1.1 varnish',
89 silly get     age: '14192',
89 silly get     connection: 'keep-alive',
89 silly get     'x-served-by': 'cache-dca17728-DCA',
89 silly get     'x-cache': 'HIT',
89 silly get     'x-cache-hits': '16',
89 silly get     'x-timer': 'S1521243123.234090,VS0,VE0',
89 silly get     vary: 'Accept-Encoding, Accept' } ]
90 verbose get saving react-bootstrap to /Users/harka/.npm/registry.npmjs.org/react-bootstrap/.cache.json
91 verbose correctMkdir /Users/harka/.npm correctMkdir not in flight; initializing
92 silly fetchPackageMetaData Error: No compatible version found: react-bootstrap@^0.31.12
92 silly fetchPackageMetaData Valid install targets:
92 silly fetchPackageMetaData 0.32.1, 0.32.0, 0.31.5, 0.31.4, 0.31.3, 0.31.2, 0.31.1, 0.31.0, 0.30.10, 0.30.9, 0.30.8, 0.30.7, 0.30.6, 0.30.5, 0.30.4, 0.30.3, 0.30.2, 0.30.1, 0.30.0, 0.30.0-rc.2, 0.30.0-rc.1, 0.29.5, 0.29.4, 0.29.3, 0.29.2, 0.29.1, 0.29.0, 0.29.0-alpha.2, 0.29.0-alpha.1, 0.29.0-alpha.0, 0.28.5, 0.28.4, 0.28.3, 0.28.2, 0.28.1, 0.28.0, 0.27.3, 0.27.2, 0.27.1, 0.27.0, 0.26.4, 0.26.3, 0.26.2, 0.26.1, 0.26.0, 0.25.100-react-pre.1, 0.25.100-react-pre.0, 0.25.2, 0.25.1, 0.25.0, 0.25.0-alpha.1, 0.25.0-alpha.0, 0.24.5, 0.24.5-react-pre.0, 0.24.4, 0.24.3, 0.24.2, 0.24.1, 0.24.0, 0.24.0-alpha.4, 0.24.0-alpha.3, 0.24.0-alpha.2, 0.24.0-alpha.1, 0.24.0-alpha.0, 0.23.7, 0.23.6, 0.23.5, 0.23.4, 0.23.3, 0.23.2, 0.23.1, 0.23.0, 0.22.6, 0.22.5, 0.22.4, 0.22.3, 0.22.2, 0.22.1, 0.22.0, 0.21.2, 0.21.1, 0.21.0, 0.20.3, 0.20.2, 0.20.1, 0.20.0, 0.19.1, 0.19.0, 0.18.0, 0.17.0, 0.16.1, 0.16.0, 0.15.1, 0.15.0, 0.14.1, 0.14.0, 0.13.3, 0.13.2, 0.13.1, 0.13.0, 0.12.0, 0.11.1, 0.11.0, 0.10.2, 0.10.1, 0.10.0, 0.9.0, 0.8.2, 0.8.1, 0.8.0, 0.7.2, 0.7.1, 0.7.0, 0.6.2, 0.6.1, 0.6.0, 0.5.2, 0.5.1, 0.5.0, 0.4.2, 0.4.0, 0.3.0, 0.2.0
92 silly fetchPackageMetaData
92 silly fetchPackageMetaData     at pickVersionFromRegistryDocument (/usr/local/lib/node_modules/npm/lib/fetch-package-metadata.js:178:16)
92 silly fetchPackageMetaData     at /usr/local/lib/node_modules/npm/node_modules/iferr/index.js:13:50
92 silly fetchPackageMetaData     at /usr/local/lib/node_modules/npm/lib/utils/pulse-till-done.js:20:8
92 silly fetchPackageMetaData     at saved (/usr/local/lib/node_modules/npm/lib/cache/caching-client.js:174:7)
92 silly fetchPackageMetaData     at /usr/local/lib/node_modules/npm/node_modules/graceful-fs/polyfills.js:241:18
92 silly fetchPackageMetaData     at FSReqWrap.oncomplete (fs.js:123:15)
92 silly fetchPackageMetaData  error for react-bootstrap@^0.31.12 { Error: No compatible version found: react-bootstrap@^0.31.12
92 silly fetchPackageMetaData Valid install targets:
92 silly fetchPackageMetaData 0.32.1, 0.32.0, 0.31.5, 0.31.4, 0.31.3, 0.31.2, 0.31.1, 0.31.0, 0.30.10, 0.30.9, 0.30.8, 0.30.7, 0.30.6, 0.30.5, 0.30.4, 0.30.3, 0.30.2, 0.30.1, 0.30.0, 0.30.0-rc.2, 0.30.0-rc.1, 0.29.5, 0.29.4, 0.29.3, 0.29.2, 0.29.1, 0.29.0, 0.29.0-alpha.2, 0.29.0-alpha.1, 0.29.0-alpha.0, 0.28.5, 0.28.4, 0.28.3, 0.28.2, 0.28.1, 0.28.0, 0.27.3, 0.27.2, 0.27.1, 0.27.0, 0.26.4, 0.26.3, 0.26.2, 0.26.1, 0.26.0, 0.25.100-react-pre.1, 0.25.100-react-pre.0, 0.25.2, 0.25.1, 0.25.0, 0.25.0-alpha.1, 0.25.0-alpha.0, 0.24.5, 0.24.5-react-pre.0, 0.24.4, 0.24.3, 0.24.2, 0.24.1, 0.24.0, 0.24.0-alpha.4, 0.24.0-alpha.3, 0.24.0-alpha.2, 0.24.0-alpha.1, 0.24.0-alpha.0, 0.23.7, 0.23.6, 0.23.5, 0.23.4, 0.23.3, 0.23.2, 0.23.1, 0.23.0, 0.22.6, 0.22.5, 0.22.4, 0.22.3, 0.22.2, 0.22.1, 0.22.0, 0.21.2, 0.21.1, 0.21.0, 0.20.3, 0.20.2, 0.20.1, 0.20.0, 0.19.1, 0.19.0, 0.18.0, 0.17.0, 0.16.1, 0.16.0, 0.15.1, 0.15.0, 0.14.1, 0.14.0, 0.13.3, 0.13.2, 0.13.1, 0.13.0, 0.12.0, 0.11.1, 0.11.0, 0.10.2, 0.10.1, 0.10.0, 0.9.0, 0.8.2, 0.8.1, 0.8.0, 0.7.2, 0.7.1, 0.7.0, 0.6.2, 0.6.1, 0.6.0, 0.5.2, 0.5.1, 0.5.0, 0.4.2, 0.4.0, 0.3.0, 0.2.0
92 silly fetchPackageMetaData
92 silly fetchPackageMetaData     at pickVersionFromRegistryDocument (/usr/local/lib/node_modules/npm/lib/fetch-package-metadata.js:178:16)
92 silly fetchPackageMetaData     at /usr/local/lib/node_modules/npm/node_modules/iferr/index.js:13:50
92 silly fetchPackageMetaData     at /usr/local/lib/node_modules/npm/lib/utils/pulse-till-done.js:20:8
92 silly fetchPackageMetaData     at saved (/usr/local/lib/node_modules/npm/lib/cache/caching-client.js:174:7)
92 silly fetchPackageMetaData     at /usr/local/lib/node_modules/npm/node_modules/graceful-fs/polyfills.js:241:18
92 silly fetchPackageMetaData     at FSReqWrap.oncomplete (fs.js:123:15) code: 'ETARGET' }
93 silly fetchAndShaCheck shasum 5a389394549f23330875a3b150656574f8a9eb71
94 verbose addTmpTarball /var/folders/46/3tfh_hbj2g734jxypqc5gf8h0000gn/T/npm-9021-6f88f142/registry.npmjs.org/bootstrap/-/bootstrap-3.3.7.tgz not in flight; adding
95 verbose addTmpTarball already have metadata; skipping unpack for bootstrap@3.3.7
96 verbose correctMkdir /Users/harka/.npm correctMkdir not in flight; initializing
97 silly cache afterAdd bootstrap@3.3.7
98 verbose afterAdd /Users/harka/.npm/bootstrap/3.3.7/package/package.json not in flight; writing
99 verbose correctMkdir /Users/harka/.npm correctMkdir not in flight; initializing
100 verbose afterAdd /Users/harka/.npm/bootstrap/3.3.7/package/package.json written
101 silly rollbackFailedOptional Starting
102 silly rollbackFailedOptional Finishing
103 silly runTopLevelLifecycles Finishing
104 silly install printInstalled
105 verbose stack Error: No compatible version found: react-bootstrap@^0.31.12
105 verbose stack Valid install targets:
105 verbose stack 0.32.1, 0.32.0, 0.31.5, 0.31.4, 0.31.3, 0.31.2, 0.31.1, 0.31.0, 0.30.10, 0.30.9, 0.30.8, 0.30.7, 0.30.6, 0.30.5, 0.30.4, 0.30.3, 0.30.2, 0.30.1, 0.30.0, 0.30.0-rc.2, 0.30.0-rc.1, 0.29.5, 0.29.4, 0.29.3, 0.29.2, 0.29.1, 0.29.0, 0.29.0-alpha.2, 0.29.0-alpha.1, 0.29.0-alpha.0, 0.28.5, 0.28.4, 0.28.3, 0.28.2, 0.28.1, 0.28.0, 0.27.3, 0.27.2, 0.27.1, 0.27.0, 0.26.4, 0.26.3, 0.26.2, 0.26.1, 0.26.0, 0.25.100-react-pre.1, 0.25.100-react-pre.0, 0.25.2, 0.25.1, 0.25.0, 0.25.0-alpha.1, 0.25.0-alpha.0, 0.24.5, 0.24.5-react-pre.0, 0.24.4, 0.24.3, 0.24.2, 0.24.1, 0.24.0, 0.24.0-alpha.4, 0.24.0-alpha.3, 0.24.0-alpha.2, 0.24.0-alpha.1, 0.24.0-alpha.0, 0.23.7, 0.23.6, 0.23.5, 0.23.4, 0.23.3, 0.23.2, 0.23.1, 0.23.0, 0.22.6, 0.22.5, 0.22.4, 0.22.3, 0.22.2, 0.22.1, 0.22.0, 0.21.2, 0.21.1, 0.21.0, 0.20.3, 0.20.2, 0.20.1, 0.20.0, 0.19.1, 0.19.0, 0.18.0, 0.17.0, 0.16.1, 0.16.0, 0.15.1, 0.15.0, 0.14.1, 0.14.0, 0.13.3, 0.13.2, 0.13.1, 0.13.0, 0.12.0, 0.11.1, 0.11.0, 0.10.2, 0.10.1, 0.10.0, 0.9.0, 0.8.2, 0.8.1, 0.8.0, 0.7.2, 0.7.1, 0.7.0, 0.6.2, 0.6.1, 0.6.0, 0.5.2, 0.5.1, 0.5.0, 0.4.2, 0.4.0, 0.3.0, 0.2.0
105 verbose stack
105 verbose stack     at pickVersionFromRegistryDocument (/usr/local/lib/node_modules/npm/lib/fetch-package-metadata.js:178:16)
105 verbose stack     at /usr/local/lib/node_modules/npm/node_modules/iferr/index.js:13:50
105 verbose stack     at /usr/local/lib/node_modules/npm/lib/utils/pulse-till-done.js:20:8
105 verbose stack     at saved (/usr/local/lib/node_modules/npm/lib/cache/caching-client.js:174:7)
105 verbose stack     at /usr/local/lib/node_modules/npm/node_modules/graceful-fs/polyfills.js:241:18
105 verbose stack     at FSReqWrap.oncomplete (fs.js:123:15)
106 verbose cwd /Users/harka/Desktop/UNC/Homework/Budget-Boss
107 error Darwin 17.4.0
108 error argv "/usr/local/bin/node" "/usr/local/bin/npm" "install"
109 error node v6.11.2
110 error npm  v3.10.10
111 error code ETARGET
112 error notarget No compatible version found: react-bootstrap@^0.31.12
112 error notarget Valid install targets:
112 error notarget 0.32.1, 0.32.0, 0.31.5, 0.31.4, 0.31.3, 0.31.2, 0.31.1, 0.31.0, 0.30.10, 0.30.9, 0.30.8, 0.30.7, 0.30.6, 0.30.5, 0.30.4, 0.30.3, 0.30.2, 0.30.1, 0.30.0, 0.30.0-rc.2, 0.30.0-rc.1, 0.29.5, 0.29.4, 0.29.3, 0.29.2, 0.29.1, 0.29.0, 0.29.0-alpha.2, 0.29.0-alpha.1, 0.29.0-alpha.0, 0.28.5, 0.28.4, 0.28.3, 0.28.2, 0.28.1, 0.28.0, 0.27.3, 0.27.2, 0.27.1, 0.27.0, 0.26.4, 0.26.3, 0.26.2, 0.26.1, 0.26.0, 0.25.100-react-pre.1, 0.25.100-react-pre.0, 0.25.2, 0.25.1, 0.25.0, 0.25.0-alpha.1, 0.25.0-alpha.0, 0.24.5, 0.24.5-react-pre.0, 0.24.4, 0.24.3, 0.24.2, 0.24.1, 0.24.0, 0.24.0-alpha.4, 0.24.0-alpha.3, 0.24.0-alpha.2, 0.24.0-alpha.1, 0.24.0-alpha.0, 0.23.7, 0.23.6, 0.23.5, 0.23.4, 0.23.3, 0.23.2, 0.23.1, 0.23.0, 0.22.6, 0.22.5, 0.22.4, 0.22.3, 0.22.2, 0.22.1, 0.22.0, 0.21.2, 0.21.1, 0.21.0, 0.20.3, 0.20.2, 0.20.1, 0.20.0, 0.19.1, 0.19.0, 0.18.0, 0.17.0, 0.16.1, 0.16.0, 0.15.1, 0.15.0, 0.14.1, 0.14.0, 0.13.3, 0.13.2, 0.13.1, 0.13.0, 0.12.0, 0.11.1, 0.11.0, 0.10.2, 0.10.1, 0.10.0, 0.9.0, 0.8.2, 0.8.1, 0.8.0, 0.7.2, 0.7.1, 0.7.0, 0.6.2, 0.6.1, 0.6.0, 0.5.2, 0.5.1, 0.5.0, 0.4.2, 0.4.0, 0.3.0, 0.2.0
113 error notarget This is most likely not a problem with npm itself.
113 error notarget In most cases you or one of your dependencies are requesting
113 error notarget a package version that doesn't exist.
113 error notarget
113 error notarget It was specified as a dependency of 'budget-boss'
114 verbose exit [ 1, true ]
